# first 50 found by both methods, both produced same output

# method 1 took 17.8242678642 secs
# method 2 took 17.6535580158 secs
[5, 5, 'y1 - y2 - y3', '-x3 + y2', 'y3 - y4 - y5', '-x4 + y4', '-x1 - x2 + y5', 'rem: 0']
[5, 5, 'y1 - y2 - y3', '-x3 + y2', 'y3 - y4 - y5', '-x1 + y4', '-x2 - x4 + y5', 'rem: 0']
[5, 5, 'y1 - y2 - y3', '-x3 + y2', 'y3 - y4 - y5', '-x2 + y4', '-x1 - x4 + y5', 'rem: 0']
[5, 5, 'y1 - y2 - y3', '-x3 + y2', 'y3 - y4 - y5', '-x1 - x4 + y4', '-x2 + y5', 'rem: 0']
[5, 5, 'y1 - y2 - y3', '-x3 + y2', 'y3 - y4 - y5', '-x2 - x4 + y4', '-x1 + y5', 'rem: 0']
[5, 5, 'y1 - y2 - y3', '-x3 + y2', 'y3 - y4 - y5', '-x1 - x2 + y4', '-x4 + y5', 'rem: 0']
[5, 5, 'y1 - y2 - y3', '-x4 + y2', 'y3 - y4 - y5', '-x3 + y4', '-x1 - x2 + y5', 'rem: 0']
[5, 5, 'y1 - y2 - y3', '-x4 + y2', 'y3 - y4 - y5', '-x1 + y4', '-x2 - x3 + y5', 'rem: 0']
[5, 5, 'y1 - y2 - y3', '-x4 + y2', 'y3 - y4 - y5', '-x2 + y4', '-x1 - x3 + y5', 'rem: 0']
[5, 5, 'y1 - y2 - y3', '-x4 + y2', 'y3 - y4 - y5', '-x1 - x3 + y4', '-x2 + y5', 'rem: 0']
[5, 5, 'y1 - y2 - y3', '-x4 + y2', 'y3 - y4 - y5', '-x2 - x3 + y4', '-x1 + y5', 'rem: 0']
[5, 5, 'y1 - y2 - y3', '-x4 + y2', 'y3 - y4 - y5', '-x1 - x2 + y4', '-x3 + y5', 'rem: 0']
[5, 5, 'y1 - y2 - y3', '-x1 + y2', 'y3 - y4 - y5', '-x3 + y4', '-x2 - x4 + y5', 'rem: 0']
[5, 5, 'y1 - y2 - y3', '-x1 + y2', 'y3 - y4 - y5', '-x4 + y4', '-x2 - x3 + y5', 'rem: 0']
[5, 5, 'y1 - y2 - y3', '-x1 + y2', 'y3 - y4 - y5', '-x2 + y4', '-x3 - x4 + y5', 'rem: 0']
[5, 5, 'y1 - y2 - y3', '-x1 + y2', 'y3 - y4 - y5', '-x3 - x4 + y4', '-x2 + y5', 'rem: 0']
[5, 5, 'y1 - y2 - y3', '-x1 + y2', 'y3 - y4 - y5', '-x2 - x3 + y4', '-x4 + y5', 'rem: 0']
[5, 5, 'y1 - y2 - y3', '-x1 + y2', 'y3 - y4 - y5', '-x2 - x4 + y4', '-x3 + y5', 'rem: 0']
[5, 5, 'y1 - y2 - y3', '-x2 + y2', 'y3 - y4 - y5', '-x3 + y4', '-x1 - x4 + y5', 'rem: 0']
[5, 5, 'y1 - y2 - y3', '-x2 + y2', 'y3 - y4 - y5', '-x4 + y4', '-x1 - x3 + y5', 'rem: 0']
[5, 5, 'y1 - y2 - y3', '-x2 + y2', 'y3 - y4 - y5', '-x1 + y4', '-x3 - x4 + y5', 'rem: 0']
[5, 5, 'y1 - y2 - y3', '-x2 + y2', 'y3 - y4 - y5', '-x3 - x4 + y4', '-x1 + y5', 'rem: 0']
[5, 5, 'y1 - y2 - y3', '-x2 + y2', 'y3 - y4 - y5', '-x1 - x3 + y4', '-x4 + y5', 'rem: 0']
[5, 5, 'y1 - y2 - y3', '-x2 + y2', 'y3 - y4 - y5', '-x1 - x4 + y4', '-x3 + y5', 'rem: 0']
[3, 3, 'y1 - y2 - y3', '-x3 - x4 + y2', '-x1 - x2 + y3', 'rem: 0']
[5, 5, 'y1 - y2 - y3', '-x3 - x4 + y2', 'y3 - y4 - y5', '-x1 + y4', '-x2 + y5', 'rem: 0']
[5, 5, 'y1 - y2 - y3', '-x3 - x4 + y2', 'y3 - y4 - y5', '-x2 + y4', '-x1 + y5', 'rem: 0']
[5, 5, 'y1 - y2 - y3', '-x3 + x4 + y2', 'y3 - y4 - y5', '-x1 - x4 + y4', '-x2 - x4 + y5', 'rem: 0']
[5, 5, 'y1 - y2 - y3', '-x3 + x4 + y2', 'y3 - y4 - y5', '-x2 - x4 + y4', '-x1 - x4 + y5', 'rem: 0']
[3, 3, 'y1 - y2 - y3', '-x1 - x3 + y2', '-x2 - x4 + y3', 'rem: 0']
[5, 5, 'y1 - y2 - y3', '-x1 - x3 + y2', 'y3 - y4 - y5', '-x4 + y4', '-x2 + y5', 'rem: 0']
[5, 5, 'y1 - y2 - y3', '-x1 - x3 + y2', 'y3 - y4 - y5', '-x2 + y4', '-x4 + y5', 'rem: 0']
[5, 5, 'y1 - y2 - y3', '-x1 - x3 + y2', 'y3 - y4 - y5', 'x1 - x4 + y4', '-x1 - x2 + y5', 'rem: 0']
[5, 5, 'y1 - y2 - y3', '-x1 - x3 + y2', 'y3 - y4 - y5', '-x1 - x2 + y4', 'x1 - x4 + y5', 'rem: 0']
[5, 5, 'y1 - y2 - y3', 'x1 - x3 + y2', 'y3 - y4 - y5', '-x1 - x4 + y4', '-x1 - x2 + y5', 'rem: 0']
[5, 5, 'y1 - y2 - y3', 'x1 - x3 + y2', 'y3 - y4 - y5', '-x1 - x2 + y4', '-x1 - x4 + y5', 'rem: 0']
[3, 3, 'y1 - y2 - y3', '-x2 - x3 + y2', '-x1 - x4 + y3', 'rem: 0']
[5, 5, 'y1 - y2 - y3', '-x2 - x3 + y2', 'y3 - y4 - y5', '-x4 + y4', '-x1 + y5', 'rem: 0']
[5, 5, 'y1 - y2 - y3', '-x2 - x3 + y2', 'y3 - y4 - y5', '-x1 + y4', '-x4 + y5', 'rem: 0']
[5, 5, 'y1 - y2 - y3', '-x2 - x3 + y2', 'y3 - y4 - y5', '-x2 - x4 + y4', '-x1 + x2 + y5', 'rem: 0']
[5, 5, 'y1 - y2 - y3', '-x2 - x3 + y2', 'y3 - y4 - y5', 'x2 - x4 + y4', '-x1 - x2 + y5', 'rem: 0']
[5, 5, 'y1 - y2 - y3', '-x2 - x3 + y2', 'y3 - y4 - y5', '-x1 - x2 + y4', 'x2 - x4 + y5', 'rem: 0']
[5, 5, 'y1 - y2 - y3', '-x2 - x3 + y2', 'y3 - y4 - y5', '-x1 + x2 + y4', '-x2 - x4 + y5', 'rem: 0']
[5, 5, 'y1 - y2 - y3', 'x2 - x3 + y2', 'y3 - y4 - y5', '-x2 - x4 + y4', '-x1 - x2 + y5', 'rem: 0']
[5, 5, 'y1 - y2 - y3', 'x2 - x3 + y2', 'y3 - y4 - y5', '-x1 - x2 + y4', '-x2 - x4 + y5', 'rem: 0']
[3, 3, 'y1 - y2 - y3', '-x1 - x4 + y2', '-x2 - x3 + y3', 'rem: 0']
[5, 5, 'y1 - y2 - y3', '-x1 - x4 + y2', 'y3 - y4 - y5', '-x3 + y4', '-x2 + y5', 'rem: 0']
[5, 5, 'y1 - y2 - y3', '-x1 - x4 + y2', 'y3 - y4 - y5', '-x2 + y4', '-x3 + y5', 'rem: 0']
[5, 5, 'y1 - y2 - y3', '-x1 - x4 + y2', 'y3 - y4 - y5', '-x3 + x4 + y4', '-x2 - x4 + y5', 'rem: 0']
[5, 5, 'y1 - y2 - y3', '-x1 - x4 + y2', 'y3 - y4 - y5', 'x1 - x3 + y4', '-x1 - x2 + y5', 'rem: 0']
